2017-04-26 12:00:00,540  INFO - Curabitur egestas est in dolor pharetra, vel cursus ante faucibus
2017-04-26 12:00:00,545  INFO - Donec id tortor vitae felis luctus scelerisque
2017-04-26 12:00:00,545  DEBUG - Pellentesque id leo nec leo imperdiet maximus ac sed est
2017-04-26 12:00:00,866  DEBUG - Quisque tempor ipsum ac urna cursus, vitae placerat justo vulputate
2017-04-26 12:00:00,949  WARN - Quisque tempor ipsum ac urna cursus, vitae placerat justo vulputate
2017-04-26 12:00:00,988  INFO - Pellentesque id leo nec leo imperdiet maximus ac sed est
2017-04-26 12:00:01,028  INFO - Sed ac risus feugiat, sollicitudin libero maximus, ornare est
2017-04-26 12:00:01,053  WARN - Curabitur accumsan libero sed accumsan scelerisque
2017-04-26 12:00:01,060  DEBUG - Nullam interdum magna ac lectus molestie, ut scelerisque metus sodales
2017-04-26 12:00:01,065  INFO - Maecenas sit amet arcu sed sem condimentum aliquet sit amet quis urna
2017-04-26 12:00:01,107  DEBUG - Nunc eget erat aliquet, posuere dolor in, egestas leo
2017-04-26 12:00:01,117  ERROR - In at magna interdum, mollis neque vitae, vulputate est
2017-04-26 12:00:01,126  INFO - Suspendisse convallis elit id tincidunt vestibulum
2017-04-26 12:00:01,169  DEBUG - Mauris varius nisl dignissim, accumsan libero sed, laoreet nibh
2017-04-26 12:00:01,354  DEBUG - Quisque interdum mi et dui luctus iaculis
2017-04-26 12:00:01,373  INFO - Pellentesque id leo nec leo imperdiet maximus ac sed est
2017-04-26 12:00:01,409  WARN - Fusce quis urna eget urna semper semper eget et libero
2017-04-26 12:00:01,431  INFO - Aenean at massa sit amet est pulvinar cursus quis et nisl
2017-04-26 12:00:01,449  WARN - Pellentesque suscipit odio ac ex congue congue
2017-04-26 12:00:01,470  DEBUG - Vivamus molestie neque eu tortor tempus scelerisque
2017-04-26 12:00:01,626  DEBUG - Morbi vitae diam non sem molestie dignissim
2017-04-26 12:00:01,644  INFO - Pellentesque suscipit odio ac ex congue congue
2017-04-26 12:00:01,663  INFO - Mauris iaculis orci sed tellus eleifend, eget porta odio scelerisque
2017-04-26 12:00:01,824  DEBUG - Praesent vel neque ut sem venenatis consequat
2017-04-26 12:00:01,875  DEBUG - Integer iaculis quam non mauris rhoncus, eget imperdiet magna ornare
2017-04-26 12:00:01,977  WARN - Aenean at massa sit amet est pulvinar cursus quis et nisl
2017-04-26 12:00:02,160  DEBUG - Nunc finibus sem sit amet ligula dignissim interdum
2017-04-26 12:00:02,180  INFO - Aenean vel neque vel quam lacinia congue
2017-04-26 12:00:02,245  INFO - Etiam mattis risus non dui efficitur elementum
2017-04-26 12:00:02,369  INFO - Vestibulum tristique enim ac felis elementum vehicula vitae id metus
2017-04-26 12:00:02,375  DEBUG - Donec mattis purus in quam posuere, varius fermentum elit bibendum
2017-04-26 12:00:02,389  WARN - Pellentesque auctor velit quis fringilla euismod
2017-04-26 12:00:02,600  DEBUG - Aliquam ut ex et magna vulputate blandit at sit amet diam
2017-04-26 12:00:02,753  WARN - Nulla et mi porta, tristique justo vitae, blandit risus
2017-04-26 12:00:02,782  INFO - Etiam mattis risus non dui efficitur elementum
2017-04-26 12:00:02,786  INFO - Nunc finibus sem sit amet ligula dignissim interdum
2017-04-26 12:00:02,875  ERROR - In ac lorem viverra, pulvinar nisi eu, mattis lacus
2017-04-26 12:00:02,912  DEBUG - Aliquam imperdiet felis nec diam pulvinar, quis porta justo eleifend
2017-04-26 12:00:02,930  DEBUG - Etiam malesuada mauris quis massa sollicitudin rhoncus nec et leo
2017-04-26 12:00:03,115  WARN - Pellentesque a diam sed urna dictum lobortis et a purus
2017-04-26 12:00:03,120  INFO - Phasellus viverra diam sed nibh tempor iaculis
2017-04-26 12:00:03,354  DEBUG - Sed ac risus feugiat, sollicitudin libero maximus, ornare est
2017-04-26 12:00:03,360  DEBUG - Aenean non nisi quis ligula consequat tempus nec nec leo
2017-04-26 12:00:03,407  INFO - Quisque a tellus consequat, convallis massa id, eleifend justo
2017-04-26 12:00:03,570  DEBUG - Curabitur egestas est in dolor pharetra, vel cursus ante faucibus
2017-04-26 12:00:03,744  INFO - Curabitur convallis ex pulvinar, euismod ipsum vel, porttitor felis
2017-04-26 12:00:03,766  WARN - Curabitur imperdiet nisi gravida lectus posuere pellentesque
2017-04-26 12:00:04,092  WARN - Aliquam imperdiet felis nec diam pulvinar, quis porta justo eleifend
2017-04-26 12:00:04,346  ERROR - Nunc porttitor libero at quam aliquet, eget posuere purus ultricies
2017-04-26 12:00:04,371  DEBUG - Donec a ante vitae elit consequat posuere vel pretium urna
2017-04-26 12:00:04,761  INFO - Vivamus nec mauris at nunc porta commodo nec eget nisl
2017-04-26 12:00:04,876  INFO - Aenean non nisi quis ligula consequat tempus nec nec leo
2017-04-26 12:00:04,970  INFO - Nunc aliquet mauris in fringilla sodales
2017-04-26 12:00:05,329  DEBUG - Quisque tempor ipsum ac urna cursus, vitae placerat justo vulputate
2017-04-26 12:00:06,105  DEBUG - Vivamus fermentum magna eu rutrum porta
